TN:
SF:app.js
FNF:0
FNH:0
DA:1,1
DA:2,1
DA:3,1
DA:4,1
DA:5,1
DA:6,1
DA:7,1
DA:8,1
DA:9,1
DA:10,1
DA:11,1
DA:12,1
DA:13,1
DA:14,1
DA:15,1
DA:16,1
DA:17,1
DA:18,1
DA:19,1
DA:20,1
LF:20
LH:20
BRF:0
BRH:0
end_of_record
TN:
SF:controllers/baseControllers.js
FN:1,index
FN:7,determineResult
FN:19,calculateStats
FNF:3
FNH:3
FNDA:1,index
FNDA:4,determineResult
FNDA:3,calculateStats
DA:1,1
DA:2,1
DA:3,1
DA:4,1
DA:5,1
DA:6,1
DA:7,1
DA:8,4
DA:9,1
DA:10,4
DA:11,1
DA:12,3
DA:13,1
DA:14,1
DA:15,1
DA:16,1
DA:17,4
DA:18,1
DA:19,1
DA:20,3
DA:21,3
DA:22,3
DA:23,3
DA:24,6
DA:25,6
DA:26,2
DA:27,6
DA:28,2
DA:29,2
DA:30,2
DA:31,2
DA:32,3
DA:33,3
DA:34,3
DA:35,3
DA:36,3
DA:37,3
DA:38,3
DA:39,1
DA:40,1
DA:41,1
DA:42,1
DA:43,1
DA:44,1
LF:44
LH:44
BRDA:1,0,0,1
BRDA:7,1,0,4
BRDA:8,2,0,1
BRDA:10,3,0,3
BRDA:10,4,0,1
BRDA:12,5,0,2
BRDA:12,6,0,1
BRDA:19,7,0,3
BRDA:23,8,0,6
BRDA:25,9,0,2
BRDA:27,10,0,4
BRDA:27,11,0,2
BRF:12
BRH:12
end_of_record
TN:
SF:controllers/userControllers.js
FN:5,createUser
FNF:1
FNH:1
FNDA:2,createUser
DA:1,1
DA:2,1
DA:3,1
DA:4,1
DA:5,1
DA:6,2
DA:7,2
DA:8,2
DA:9,2
DA:10,2
DA:11,1
DA:12,1
DA:13,1
DA:14,1
DA:15,1
DA:16,0
DA:17,0
DA:18,0
DA:19,1
DA:20,0
DA:21,0
DA:22,1
DA:23,1
DA:24,1
DA:25,1
DA:26,1
DA:27,1
LF:27
LH:22
BRDA:5,0,0,2
BRDA:10,1,0,1
BRDA:10,2,0,1
BRF:3
BRH:3
end_of_record
TN:
SF:models/index.js
FNF:0
FNH:0
DA:1,1
DA:2,1
DA:3,1
DA:4,1
DA:5,1
DA:6,1
DA:7,1
DA:8,1
DA:9,1
DA:10,1
DA:11,1
DA:12,1
DA:13,0
DA:14,1
DA:15,1
DA:16,1
DA:17,1
DA:18,1
DA:19,1
DA:20,1
DA:21,1
DA:22,1
DA:23,1
DA:24,0
DA:25,0
DA:26,1
DA:27,1
DA:28,1
DA:29,0
DA:30,0
DA:31,0
DA:32,1
DA:33,1
DA:34,1
DA:35,1
DA:36,1
DA:37,1
LF:37
LH:31
BRDA:7,0,0,0
BRDA:12,1,0,0
BRDA:20,2,0,1
BRDA:21,3,0,0
BRF:4
BRH:1
end_of_record
TN:
SF:routes/index.js
FNF:0
FNH:0
DA:1,1
DA:2,1
DA:3,1
DA:4,1
DA:5,1
DA:6,0
DA:7,1
DA:8,1
DA:9,1
LF:9
LH:8
BRF:0
BRH:0
end_of_record
TN:
SF:routes/users.js
FNF:0
FNH:0
DA:1,1
DA:2,1
DA:3,1
DA:4,1
DA:5,1
DA:6,1
DA:7,0
DA:8,1
DA:9,1
DA:10,1
DA:11,1
DA:12,1
LF:12
LH:11
BRF:0
BRH:0
end_of_record
